0: stk.v.11.0
1: BEGIN Exclusion
2:     LocalZ		 0 0 1
3:     LocalX		 1 0 0
4:     NumAzElPairs		 8
5:     BEGIN AzElPairs
6:         315.071 34.3602
7:         45 34.327
8:         45.0714 34.3602
9:         135 34.327
10:         135.071 34.3602
11:         225 34.327
12:         225.071 34.3602
13:         315 34.327
14:     END
15: END
16: BEGIN Exclusion
17:     LocalZ		 0 0 -1
18:     LocalX		 -1 0 0
19:     NumAzElPairs		 8
20:     BEGIN AzElPairs
21:         315.071 34.3602
22:         45 34.327
23:         45.0714 34.3602
24:         135 34.327
25:         135.071 34.3602
26:         225 34.327
27:         225.071 34.3602
28:         315 34.327
29:     END
30: END
31: BEGIN Exclusion
32:     LocalZ		 1 0 0
33:     LocalX		 0 0 -1
34:     NumAzElPairs		 8
35:     BEGIN AzElPairs
36:         315.071 34.3602
37:         45 34.327
38:         45.0714 34.3602
39:         135 34.327
40:         135.071 34.3602
41:         225 34.327
42:         225.071 34.3602
43:         315 34.327
44:     END
45: END
46: BEGIN Exclusion
47:     LocalZ		 -1 0 0
48:     LocalX		 0 0 1
49:     NumAzElPairs		 8
50:     BEGIN AzElPairs
51:         315.071 34.3602
52:         45 34.327
53:         45.0714 34.3602
54:         135 34.327
55:         135.071 34.3602
56:         225 34.327
57:         225.071 34.3602
58:         315 34.327
59:     END
60: END
61: BEGIN Exclusion
62:     LocalZ		 0 1 0
63:     LocalX		 -1 0 0
64:     NumAzElPairs		 8
65:     BEGIN AzElPairs
66:         315.071 34.3602
67:         45 34.327
68:         45.0714 34.3602
69:         135 34.327
70:         135.071 34.3602
71:         225 34.327
72:         225.071 34.3602
73:         315 34.327
74:     END
75: END
76: BEGIN Exclusion
77:     LocalZ		 0 -1 0
78:     LocalX		 -1 0 0
79:     NumAzElPairs		 8
80:     BEGIN AzElPairs
81:         315.071 34.3602
82:         45 34.327
83:         45.0714 34.3602
84:         135 34.327
85:         135.071 34.3602
86:         225 34.327
87:         225.071 34.3602
88:         315 34.327
89:     END
90: END
